{"errors":{"resourceId":{"name":"ValidatorError","message":"Path `resourceId` is required.","properties":{"message":"Path `resourceId` is required.","type":"required","path":"resourceId"},"kind":"required","path":"resourceId"}},"_message":"Note validation failed","level":"error","message":"Note validation failed: resourceId: Path `resourceId` is required. Note validation failed: resourceId: Path `resourceId` is required.","stack":"ValidationError: Note validation failed: resourceId: Path `resourceId` is required.\n    at model.Document.invalidate (/usr/src/app/node_modules/mongoose/lib/document.js:2703:32)\n    at /usr/src/app/node_modules/mongoose/lib/document.js:2523:17\n    at /usr/src/app/node_modules/mongoose/lib/schematype.js:1254:9\n    at process._tickCallback (internal/process/next_tick.js:61:11)"}
{"message":"Morgan enabled....","level":"info"}
{"message":"Listening on port 8000...","level":"info"}
{"message":"Connected to Mongodb","level":"info"}
{"message":"Morgan enabled....","level":"info"}
{"message":"Listening on port 8000...","level":"info"}
{"message":"Connected to Mongodb","level":"info"}
{"level":"error","message":"Cannot set headers after they are sent to the client Cannot set headers after they are sent to the client","stack":"Error [ERR_HTTP_HEADERS_SENT]: Cannot set headers after they are sent to the client\n    at ServerResponse.setHeader (_http_outgoing.js:470:11)\n    at ServerResponse.header (/usr/src/app/node_modules/express/lib/response.js:771:10)\n    at ServerResponse.send (/usr/src/app/node_modules/express/lib/response.js:170:12)\n    at ServerResponse.json (/usr/src/app/node_modules/express/lib/response.js:267:15)\n    at ServerResponse.send (/usr/src/app/node_modules/express/lib/response.js:158:21)\n    at router.delete.asyncMiddleware (/usr/src/app/api/note/note.js:200:21)\n    at process._tickCallback (internal/process/next_tick.js:68:7)"}
{"message":"Morgan enabled....","level":"info"}
{"message":"Listening on port 8000...","level":"info"}
{"message":"Connected to Mongodb","level":"info"}
{"level":"error","message":"Cannot read property 'authorId' of null Cannot read property 'authorId' of null","stack":"TypeError: Cannot read property 'authorId' of null\n    at router.delete.asyncMiddleware (/usr/src/app/api/note/note.js:179:15)\n    at process._tickCallback (internal/process/next_tick.js:68:7)"}
{"message":"Morgan enabled....","level":"info"}
{"message":"Listening on port 8000...","level":"info"}
{"message":"Connected to Mongodb","level":"info"}
{"level":"error","message":"Cannot set headers after they are sent to the client Cannot set headers after they are sent to the client","stack":"Error [ERR_HTTP_HEADERS_SENT]: Cannot set headers after they are sent to the client\n    at ServerResponse.setHeader (_http_outgoing.js:470:11)\n    at ServerResponse.header (/usr/src/app/node_modules/express/lib/response.js:771:10)\n    at ServerResponse.send (/usr/src/app/node_modules/express/lib/response.js:170:12)\n    at ServerResponse.json (/usr/src/app/node_modules/express/lib/response.js:267:15)\n    at ServerResponse.send (/usr/src/app/node_modules/express/lib/response.js:158:21)\n    at router.delete.asyncMiddleware (/usr/src/app/api/note/note.js:199:21)\n    at process._tickCallback (internal/process/next_tick.js:68:7)"}
{"message":"Morgan enabled....","level":"info"}
{"message":"Listening on port 8000...","level":"info"}
{"message":"Connected to Mongodb","level":"info"}
{"message":"Morgan enabled....","level":"info"}
{"message":"Listening on port 8000...","level":"info"}
{"message":"Connected to Mongodb","level":"info"}
{"message":"Morgan enabled....","level":"info"}
{"message":"Listening on port 8000...","level":"info"}
{"message":"Connected to Mongodb","level":"info"}
{"message":"Morgan enabled....","level":"info"}
{"message":"Listening on port 8000...","level":"info"}
{"message":"Connected to Mongodb","level":"info"}
{"level":"error","message":"Cannot set headers after they are sent to the client Cannot set headers after they are sent to the client","stack":"Error [ERR_HTTP_HEADERS_SENT]: Cannot set headers after they are sent to the client\n    at ServerResponse.setHeader (_http_outgoing.js:470:11)\n    at ServerResponse.header (/usr/src/app/node_modules/express/lib/response.js:771:10)\n    at ServerResponse.send (/usr/src/app/node_modules/express/lib/response.js:170:12)\n    at ServerResponse.json (/usr/src/app/node_modules/express/lib/response.js:267:15)\n    at ServerResponse.send (/usr/src/app/node_modules/express/lib/response.js:158:21)\n    at router.get.asyncMiddleware (/usr/src/app/api/note/note.js:116:21)\n    at process._tickCallback (internal/process/next_tick.js:68:7)"}
{"message":"Morgan enabled....","level":"info"}
{"message":"Listening on port 8000...","level":"info"}
{"message":"Connected to Mongodb","level":"info"}
{"message":"Morgan enabled....","level":"info"}
{"message":"Listening on port 8000...","level":"info"}
{"message":"Connected to Mongodb","level":"info"}
{"level":"error","message":"Tag is not defined Tag is not defined","stack":"ReferenceError: Tag is not defined\n    at getRandomResource (/usr/src/app/api/resource/resource.js:47:6)\n    at process._tickCallback (internal/process/next_tick.js:68:7)"}
{"message":"Morgan enabled....","level":"info"}
{"message":"Listening on port 8000...","level":"info"}
{"message":"Connected to Mongodb","level":"info"}
{"message":"Morgan enabled....","level":"info"}
{"message":"Listening on port 8000...","level":"info"}
{"message":"Connected to Mongodb","level":"info"}
{"message":"Morgan enabled....","level":"info"}
{"message":"Listening on port 8000...","level":"info"}
{"message":"Connected to Mongodb","level":"info"}
{"message":"Morgan enabled....","level":"info"}
{"message":"Connected to Test Mongodb","level":"info"}
{"message":"Morgan enabled....","level":"info"}
{"message":"Listening on port 8000...","level":"info"}
{"message":"Connected to Mongodb","level":"info"}
{"message":"Morgan enabled....","level":"info"}
{"message":"Listening on port 8000...","level":"info"}
{"message":"Connected to Mongodb","level":"info"}
{"message":"Morgan enabled....","level":"info"}
{"message":"Listening on port 8000...","level":"info"}
{"message":"Connected to Mongodb","level":"info"}
{"message":"Morgan enabled....","level":"info"}
{"message":"Listening on port 8000...","level":"info"}
{"message":"Connected to Mongodb","level":"info"}
{"message":"Morgan enabled....","level":"info"}
{"message":"Listening on port 8000...","level":"info"}
{"message":"Connected to Mongodb","level":"info"}
{"message":"Morgan enabled....","level":"info"}
{"message":"Listening on port 8000...","level":"info"}
{"message":"Connected to Mongodb","level":"info"}
{"message":"Morgan enabled....","level":"info"}
{"message":"Listening on port 8000...","level":"info"}
{"message":"Connected to Mongodb","level":"info"}
{"level":"error","message":"Cannot set headers after they are sent to the client Cannot set headers after they are sent to the client","stack":"Error [ERR_HTTP_HEADERS_SENT]: Cannot set headers after they are sent to the client\n    at ServerResponse.setHeader (_http_outgoing.js:470:11)\n    at ServerResponse.header (/usr/src/app/node_modules/express/lib/response.js:771:10)\n    at router.post.asyncMiddleware (/usr/src/app/api/auth/auth.js:38:9)\n    at process._tickCallback (internal/process/next_tick.js:68:7)"}
{"level":"error","message":"Cannot set headers after they are sent to the client Cannot set headers after they are sent to the client","stack":"Error [ERR_HTTP_HEADERS_SENT]: Cannot set headers after they are sent to the client\n    at ServerResponse.setHeader (_http_outgoing.js:470:11)\n    at ServerResponse.header (/usr/src/app/node_modules/express/lib/response.js:771:10)\n    at router.post.asyncMiddleware (/usr/src/app/api/auth/auth.js:38:9)\n    at process._tickCallback (internal/process/next_tick.js:68:7)"}
{"level":"error","message":"Cannot set headers after they are sent to the client Cannot set headers after they are sent to the client","stack":"Error [ERR_HTTP_HEADERS_SENT]: Cannot set headers after they are sent to the client\n    at ServerResponse.setHeader (_http_outgoing.js:470:11)\n    at ServerResponse.header (/usr/src/app/node_modules/express/lib/response.js:771:10)\n    at router.post.asyncMiddleware (/usr/src/app/api/auth/auth.js:38:9)\n    at process._tickCallback (internal/process/next_tick.js:68:7)"}
{"level":"error","message":"Cannot set headers after they are sent to the client Cannot set headers after they are sent to the client","stack":"Error [ERR_HTTP_HEADERS_SENT]: Cannot set headers after they are sent to the client\n    at ServerResponse.setHeader (_http_outgoing.js:470:11)\n    at ServerResponse.header (/usr/src/app/node_modules/express/lib/response.js:771:10)\n    at router.post.asyncMiddleware (/usr/src/app/api/auth/auth.js:38:9)\n    at process._tickCallback (internal/process/next_tick.js:68:7)"}
{"level":"error","message":"Cannot set headers after they are sent to the client Cannot set headers after they are sent to the client","stack":"Error [ERR_HTTP_HEADERS_SENT]: Cannot set headers after they are sent to the client\n    at ServerResponse.setHeader (_http_outgoing.js:470:11)\n    at ServerResponse.header (/usr/src/app/node_modules/express/lib/response.js:771:10)\n    at router.post.asyncMiddleware (/usr/src/app/api/auth/auth.js:38:9)\n    at process._tickCallback (internal/process/next_tick.js:68:7)"}
{"level":"error","message":"Cannot set headers after they are sent to the client Cannot set headers after they are sent to the client","stack":"Error [ERR_HTTP_HEADERS_SENT]: Cannot set headers after they are sent to the client\n    at ServerResponse.setHeader (_http_outgoing.js:470:11)\n    at ServerResponse.header (/usr/src/app/node_modules/express/lib/response.js:771:10)\n    at router.post.asyncMiddleware (/usr/src/app/api/auth/auth.js:38:9)\n    at process._tickCallback (internal/process/next_tick.js:68:7)"}
{"level":"error","message":"Cannot set headers after they are sent to the client Cannot set headers after they are sent to the client","stack":"Error [ERR_HTTP_HEADERS_SENT]: Cannot set headers after they are sent to the client\n    at ServerResponse.setHeader (_http_outgoing.js:470:11)\n    at ServerResponse.header (/usr/src/app/node_modules/express/lib/response.js:771:10)\n    at router.post.asyncMiddleware (/usr/src/app/api/auth/auth.js:38:9)\n    at process._tickCallback (internal/process/next_tick.js:68:7)"}
{"message":"Morgan enabled....","level":"info"}
{"message":"Listening on port 8000...","level":"info"}
{"message":"Connected to Mongodb","level":"info"}
{"message":"Morgan enabled....","level":"info"}
{"message":"Listening on port 8000...","level":"info"}
{"message":"Connected to Mongodb","level":"info"}
